0 info it worked if it ends with ok
1 verbose cli [ '/usr/local/Cellar/node/4.1.1/bin/node',
1 verbose cli   '/usr/local/bin/npm',
1 verbose cli   'install',
1 verbose cli   '-g',
1 verbose cli   'npm' ]
2 info using npm@2.11.2
3 info using node@v4.1.1
4 verbose install initial load of /Users/henryehly/.npm-packages/lib/package.json
5 verbose readDependencies loading dependencies from /Users/henryehly/.npm-packages/lib/package.json
6 silly cache add args [ 'npm', null ]
7 verbose cache add spec npm
8 silly cache add parsed spec Result {
8 silly cache add   raw: 'npm',
8 silly cache add   scope: null,
8 silly cache add   name: 'npm',
8 silly cache add   rawSpec: '',
8 silly cache add   spec: '*',
8 silly cache add   type: 'range' }
9 silly addNamed npm@*
10 verbose addNamed "*" is a valid semver range for npm
11 silly addNameRange { name: 'npm', range: '*', hasData: false }
12 silly mapToRegistry name npm
13 silly mapToRegistry using default registry
14 silly mapToRegistry registry https://registry.npmjs.org/
15 silly mapToRegistry uri https://registry.npmjs.org/npm
16 verbose addNameRange registry:https://registry.npmjs.org/npm not in flight; fetching
17 verbose request uri https://registry.npmjs.org/npm
18 verbose request no auth needed
19 info attempt registry request try #1 at 18:48:22
20 verbose request id 52889242fbfa13c5
21 http request GET https://registry.npmjs.org/npm
22 http 200 https://registry.npmjs.org/npm
23 silly get cb [ 200,
23 silly get   { server: 'CouchDB/1.5.0 (Erlang OTP/R16B03)',
23 silly get     etag: '"APPC440Q0EHU9DG4U9MYF9STK"',
23 silly get     'content-type': 'application/json',
23 silly get     'cache-control': 'max-age=60',
23 silly get     'content-length': '3353901',
23 silly get     'accept-ranges': 'bytes',
23 silly get     date: 'Fri, 02 Oct 2015 09:48:24 GMT',
23 silly get     via: '1.1 varnish',
23 silly get     age: '53',
23 silly get     connection: 'keep-alive',
23 silly get     'x-served-by': 'cache-bma7023-BMA',
23 silly get     'x-cache': 'HIT',
23 silly get     'x-cache-hits': '1',
23 silly get     'x-timer': 'S1443779304.106579,VS0,VE28',
23 silly get     vary: 'Accept' } ]
24 verbose get saving npm to /Users/henryehly/.npm/registry.npmjs.org/npm/.cache.json
25 silly addNameRange number 2 { name: 'npm', range: '*', hasData: true }
26 silly addNameRange versions [ 'npm',
26 silly addNameRange   [ '1.1.25',
26 silly addNameRange     '1.2.32',
26 silly addNameRange     '1.3.2',
26 silly addNameRange     '1.3.4',
26 silly addNameRange     '1.2.20',
26 silly addNameRange     '1.2.21',
26 silly addNameRange     '1.2.22',
26 silly addNameRange     '1.2.23',
26 silly addNameRange     '1.2.24',
26 silly addNameRange     '1.2.25',
26 silly addNameRange     '1.2.27',
26 silly addNameRange     '1.2.28',
26 silly addNameRange     '1.2.30',
26 silly addNameRange     '1.2.31',
26 silly addNameRange     '1.3.0',
26 silly addNameRange     '1.3.1',
26 silly addNameRange     '1.2.19',
26 silly addNameRange     '1.1.70',
26 silly addNameRange     '1.1.71',
26 silly addNameRange     '1.3.5',
26 silly addNameRange     '1.3.6',
26 silly addNameRange     '1.3.7',
26 silly addNameRange     '1.3.8',
26 silly addNameRange     '1.3.9',
26 silly addNameRange     '1.3.10',
26 silly addNameRange     '1.3.11',
26 silly addNameRange     '1.3.12',
26 silly addNameRange     '1.3.13',
26 silly addNameRange     '1.3.14',
26 silly addNameRange     '1.3.15',
26 silly addNameRange     '1.3.16',
26 silly addNameRange     '1.3.17',
26 silly addNameRange     '1.3.18',
26 silly addNameRange     '1.3.20',
26 silly addNameRange     '1.3.21',
26 silly addNameRange     '1.3.22',
26 silly addNameRange     '1.3.23',
26 silly addNameRange     '1.3.24',
26 silly addNameRange     '1.3.25',
26 silly addNameRange     '1.3.26',
26 silly addNameRange     '1.4.0',
26 silly addNameRange     '1.4.1',
26 silly addNameRange     '1.4.2',
26 silly addNameRange     '1.4.3',
26 silly addNameRange     '1.4.4',
26 silly addNameRange     '1.4.5',
26 silly addNameRange     '1.4.6',
26 silly addNameRange     '1.4.7',
26 silly addNameRange     '1.4.8',
26 silly addNameRange     '1.4.9',
26 silly addNameRange     '1.4.10',
26 silly addNameRange     '1.4.11',
26 silly addNameRange     '1.4.12',
26 silly addNameRange     '1.4.13',
26 silly addNameRange     '1.4.14',
26 silly addNameRange     '1.4.15',
26 silly addNameRange     '1.4.16',
26 silly addNameRange     '1.2.8000',
26 silly addNameRange     '1.4.17',
26 silly addNameRange     '1.4.18',
26 silly addNameRange     '1.4.19',
26 silly addNameRange     '1.5.0-alpha-0',
26 silly addNameRange     '1.5.0-alpha-1',
26 silly addNameRange     '1.4.20',
26 silly addNameRange     '1.5.0-alpha-2',
26 silly addNameRange     '1.4.21',
26 silly addNameRange     '1.5.0-alpha-3',
26 silly addNameRange     '1.5.0-alpha-4',
26 silly addNameRange     '2.0.0-alpha-5',
26 silly addNameRange     '1.4.22',
26 silly addNameRange     '1.4.23',
26 silly addNameRange     '2.0.0-alpha.6.0',
26 silly addNameRange     '1.4.24',
26 silly addNameRange     '2.0.0-alpha.6',
26 silly addNameRange     '2.0.0-alpha.7',
26 silly addNameRange     '2.0.0-beta.0',
26 silly addNameRange     '1.4.25',
26 silly addNameRange     '2.0.0-beta.1',
26 silly addNameRange     '1.4.26',
26 silly addNameRange     '2.0.0-beta.2',
26 silly addNameRange     '1.4.27',
26 silly addNameRange     '2.0.0-beta.3',
26 silly addNameRange     '1.4.28',
26 silly addNameRange     '2.0.0',
26 silly addNameRange     '2.0.1',
26 silly addNameRange     '2.0.2',
26 silly addNameRange     '2.1.0',
26 silly addNameRange     '2.1.1',
26 silly addNameRange     '2.1.2',
26 silly addNameRange     '2.1.3',
26 silly addNameRange     '2.1.4',
26 silly addNameRange     '2.1.5',
26 silly addNameRange     '2.1.6',
26 silly addNameRange     '2.1.7',
26 silly addNameRange     '2.1.8',
26 silly addNameRange     '2.1.9',
26 silly addNameRange     '2.1.10',
26 silly addNameRange     '2.1.11',
26 silly addNameRange     '2.1.12',
26 silly addNameRange     '2.1.13',
26 silly addNameRange     '2.1.14',
26 silly addNameRange     '2.1.15',
26 silly addNameRange     '2.1.16',
26 silly addNameRange     '2.1.17',
26 silly addNameRange     '2.1.18',
26 silly addNameRange     '2.2.0',
26 silly addNameRange     '2.3.0',
26 silly addNameRange     '2.4.0',
26 silly addNameRange     '2.4.1',
26 silly addNameRange     '2.5.0',
26 silly addNameRange     '2.5.1',
26 silly addNameRange     '2.6.0',
26 silly addNameRange     '2.6.1',
26 silly addNameRange     '2.7.0',
26 silly addNameRange     '2.7.1',
26 silly addNameRange     '2.7.2',
26 silly addNameRange     '2.7.3',
26 silly addNameRange     '2.7.4',
26 silly addNameRange     '2.7.5',
26 silly addNameRange     '2.7.6',
26 silly addNameRange     '2.8.0',
26 silly addNameRange     '2.8.1',
26 silly addNameRange     '2.8.2',
26 silly addNameRange     '2.8.3',
26 silly addNameRange     '2.8.4',
26 silly addNameRange     '2.9.0',
26 silly addNameRange     '2.9.1',
26 silly addNameRange     '2.10.0',
26 silly addNameRange     '2.10.1',
26 silly addNameRange     '2.11.0',
26 silly addNameRange     '2.11.1',
26 silly addNameRange     '2.11.2',
26 silly addNameRange     '2.11.3',
26 silly addNameRange     '2.12.0',
26 silly addNameRange     '3.0.0',
26 silly addNameRange     '2.12.1',
26 silly addNameRange     '2.13.0',
26 silly addNameRange     '3.1.0',
26 silly addNameRange     '2.13.1',
26 silly addNameRange     '3.1.1',
26 silly addNameRange     '3.1.2',
26 silly addNameRange     '2.13.2',
26 silly addNameRange     '3.1.3',
26 silly addNameRange     '2.13.3',
26 silly addNameRange     '3.2.0',
26 silly addNameRange     '2.13.4',
26 silly addNameRange     '3.2.1',
26 silly addNameRange     '2.13.5',
26 silly addNameRange     '3.2.2',
26 silly addNameRange     '2.14.0',
26 silly addNameRange     '3.3.0',
26 silly addNameRange     '2.14.1',
26 silly addNameRange     '2.14.2',
26 silly addNameRange     '3.3.1',
26 silly addNameRange     '2.14.3',
26 silly addNameRange     '3.3.2',
26 silly addNameRange     '2.14.4',
26 silly addNameRange     '3.3.3',
26 silly addNameRange     '2.14.5',
26 silly addNameRange     '3.3.4',
26 silly addNameRange     '2.14.6',
26 silly addNameRange     '3.3.5',
26 silly addNameRange     '3.3.6' ] ]
27 silly addNamed npm@3.3.5
28 verbose addNamed "3.3.5" is a plain semver version for npm
29 silly mapToRegistry name npm
30 silly mapToRegistry using default registry
31 silly mapToRegistry registry https://registry.npmjs.org/
32 silly mapToRegistry uri https://registry.npmjs.org/npm
33 verbose addRemoteTarball https://registry.npmjs.org/npm/-/npm-3.3.5.tgz not in flight; adding
34 verbose addRemoteTarball [ 'https://registry.npmjs.org/npm/-/npm-3.3.5.tgz',
34 verbose addRemoteTarball   '2b8f34b88ea8109e6ba434afe764c7631735e18e' ]
35 info retry fetch attempt 1 at 18:48:46
36 info attempt registry request try #1 at 18:48:46
37 http fetch GET https://registry.npmjs.org/npm/-/npm-3.3.5.tgz
38 http fetch 200 https://registry.npmjs.org/npm/-/npm-3.3.5.tgz
39 silly fetchAndShaCheck shasum 2b8f34b88ea8109e6ba434afe764c7631735e18e
40 verbose addTmpTarball /var/folders/78/4rdfz37x0w567332768wqmc40000gn/T/npm-20821-2bbf58f5/registry.npmjs.org/npm/-/npm-3.3.5.tgz not in flight; adding
41 verbose addTmpTarball already have metadata; skipping unpack for npm@3.3.5
42 silly cache afterAdd npm@3.3.5
43 verbose afterAdd /Users/henryehly/.npm/npm/3.3.5/package/package.json not in flight; writing
44 verbose afterAdd /Users/henryehly/.npm/npm/3.3.5/package/package.json written
45 silly install resolved [ { version: '3.3.5',
45 silly install resolved     name: 'npm',
45 silly install resolved     description: 'a package manager for JavaScript',
45 silly install resolved     keywords: [ 'install', 'modules', 'package manager', 'package.json' ],
45 silly install resolved     preferGlobal: true,
45 silly install resolved     config: { publishtest: false },
45 silly install resolved     homepage: 'https://docs.npmjs.com/',
45 silly install resolved     author:
45 silly install resolved      { name: 'Isaac Z. Schlueter',
45 silly install resolved        email: 'i@izs.me',
45 silly install resolved        url: 'http://blog.izs.me' },
45 silly install resolved     repository: { type: 'git', url: 'git+https://github.com/npm/npm.git' },
45 silly install resolved     bugs: { url: 'http://github.com/npm/npm/issues' },
45 silly install resolved     directories: { bin: './bin', doc: './doc', lib: './lib', man: './man' },
45 silly install resolved     main: './lib/npm.js',
45 silly install resolved     bin: { npm: './bin/npm-cli.js' },
45 silly install resolved     dependencies:
45 silly install resolved      { abbrev: '~1.0.7',
45 silly install resolved        ansicolors: '~0.3.2',
45 silly install resolved        ansistyles: '~0.1.3',
45 silly install resolved        aproba: '~1.0.1',
45 silly install resolved        archy: '~1.0.0',
45 silly install resolved        'async-some': '~1.0.2',
45 silly install resolved        chownr: '~1.0.1',
45 silly install resolved        'cmd-shim': '~2.0.1',
45 silly install resolved        columnify: '~1.5.2',
45 silly install resolved        'config-chain': '~1.1.9',
45 silly install resolved        dezalgo: '~1.0.3',
45 silly install resolved        editor: '~1.0.0',
45 silly install resolved        'fs-vacuum': '~1.2.7',
45 silly install resolved        'fs-write-stream-atomic': '~1.0.4',
45 silly install resolved        fstream: '~1.0.8',
45 silly install resolved        'fstream-npm': '~1.0.5',
45 silly install resolved        glob: '~5.0.14',
45 silly install resolved        'graceful-fs': '~4.1.2',
45 silly install resolved        'has-unicode': '~1.0.0',
45 silly install resolved        'hosted-git-info': '~2.1.4',
45 silly install resolved        iferr: '~0.1.5',
45 silly install resolved        inflight: '~1.0.4',
45 silly install resolved        inherits: '~2.0.1',
45 silly install resolved        ini: '~1.3.4',
45 silly install resolved        'init-package-json': '~1.9.1',
45 silly install resolved        lockfile: '~1.0.1',
45 silly install resolved        'lodash.clonedeep': '~3.0.2',
45 silly install resolved        'lodash.union': '~3.1.0',
45 silly install resolved        'lodash.uniq': '~3.2.2',
45 silly install resolved        'lodash.without': '~3.2.1',
45 silly install resolved        mkdirp: '~0.5.1',
45 silly install resolved        'node-gyp': '~3.0.3',
45 silly install resolved        nopt: '~3.0.4',
45 silly install resolved        'normalize-git-url': '~3.0.1',
45 silly install resolved        'normalize-package-data': '~2.3.4',
45 silly install resolved        'npm-cache-filename': '~1.0.2',
45 silly install resolved        'npm-install-checks': '~2.0.1',
45 silly install resolved        'npm-package-arg': '~4.0.2',
45 silly install resolved        'npm-registry-client': '~7.0.7',
45 silly install resolved        'npm-user-validate': '~0.1.2',
45 silly install resolved        npmlog: '~1.2.1',
45 silly install resolved        once: '~1.3.2',
45 silly install resolved        opener: '~1.4.1',
45 silly install resolved        osenv: '~0.1.3',
45 silly install resolved        'path-is-inside': '~1.0.1',
45 silly install resolved        read: '~1.0.7',
45 silly install resolved        'read-cmd-shim': '~1.0.1',
45 silly install resolved        'read-installed': '~4.0.3',
45 silly install resolved        'read-package-json': '~2.0.1',
45 silly install resolved        'read-package-tree': '~5.1.2',
45 silly install resolved        'realize-package-specifier': '~3.0.1',
45 silly install resolved        retry: '~0.8.0',
45 silly install resolved        rimraf: '~2.4.3',
45 silly install resolved        semver: '~5.0.3',
45 silly install resolved        sha: '~2.0.1',
45 silly install resolved        slide: '~1.1.6',
45 silly install resolved        'sorted-object': '~1.0.0',
45 silly install resolved        tar: '~2.2.1',
45 silly install resolved        'text-table': '~0.2.0',
45 silly install resolved        'uid-number': '0.0.6',
45 silly install resolved        umask: '~1.1.0',
45 silly install resolved        'unique-filename': '~1.0.0',
45 silly install resolved        unpipe: '~1.0.0',
45 silly install resolved        'validate-npm-package-name': '~2.2.2',
45 silly install resolved        which: '~1.1.2',
45 silly install resolved        wrappy: '~1.0.1',
45 silly install resolved        'write-file-atomic': '~1.1.3' },
45 silly install resolved     bundleDependencies:
45 silly install resolved      [ 'abbrev',
45 silly install resolved        'ansicolors',
45 silly install resolved        'ansistyles',
45 silly install resolved        'aproba',
45 silly install resolved        'archy',
45 silly install resolved        'async-some',
45 silly install resolved        'chownr',
45 silly install resolved        'cmd-shim',
45 silly install resolved        'columnify',
45 silly install resolved        'config-chain',
45 silly install resolved        'dezalgo',
45 silly install resolved        'editor',
45 silly install resolved        'fs-vacuum',
45 silly install resolved        'fs-write-stream-atomic',
45 silly install resolved        'fstream',
45 silly install resolved        'fstream-npm',
45 silly install resolved        'glob',
45 silly install resolved        'graceful-fs',
45 silly install resolved        'has-unicode',
45 silly install resolved        'hosted-git-info',
45 silly install resolved        'iferr',
45 silly install resolved        'inflight',
45 silly install resolved        'inherits',
45 silly install resolved        'ini',
45 silly install resolved        'init-package-json',
45 silly install resolved        'lockfile',
45 silly install resolved        'lodash.clonedeep',
45 silly install resolved        'lodash.union',
45 silly install resolved        'lodash.uniq',
45 silly install resolved        'lodash.without',
45 silly install resolved        'mkdirp',
45 silly install resolved        'node-gyp',
45 silly install resolved        'nopt',
45 silly install resolved        'normalize-git-url',
45 silly install resolved        'normalize-package-data',
45 silly install resolved        'npm-cache-filename',
45 silly install resolved        'npm-install-checks',
45 silly install resolved        'npm-package-arg',
45 silly install resolved        'npm-registry-client',
45 silly install resolved        'npm-user-validate',
45 silly install resolved        'npmlog',
45 silly install resolved        'once',
45 silly install resolved        'opener',
45 silly install resolved        'osenv',
45 silly install resolved        'path-is-inside',
45 silly install resolved        'read',
45 silly install resolved        'read-cmd-shim',
45 silly install resolved        'read-installed',
45 silly install resolved        'read-package-json',
45 silly install resolved        'read-package-tree',
45 silly install resolved        'realize-package-specifier',
45 silly install resolved        'retry',
45 silly install resolved        'rimraf',
45 silly install resolved        'semver',
45 silly install resolved        'sha',
45 silly install resolved        'slide',
45 silly install resolved        'sorted-object',
45 silly install resolved        'tar',
45 silly install resolved        'text-table',
45 silly install resolved        'uid-number',
45 silly install resolved        'umask',
45 silly install resolved        'unique-filename',
45 silly install resolved        'unpipe',
45 silly install resolved        'validate-npm-package-name',
45 silly install resolved        'which',
45 silly install resolved        'wrappy',
45 silly install resolved        'write-file-atomic' ],
45 silly install resolved     devDependencies:
45 silly install resolved      { 'deep-equal': '~1.0.1',
45 silly install resolved        estraverse: '~4.1.0',
45 silly install resolved        marked: '~0.3.5',
45 silly install resolved        'marked-man': '~0.1.5',
45 silly install resolved        nock: '~2.12.0',
45 silly install resolved        'npm-registry-couchapp': '~2.6.11',
45 silly install resolved        'npm-registry-mock': '~1.0.1',
45 silly install resolved        'require-inject': '~1.2.1',
45 silly install resolved        standard: '~4.5.4',
45 silly install resolved        tap: '~1.4.1' },
45 silly install resolved     scripts:
45 silly install resolved      { dumpconf: 'env | grep npm | sort | uniq',
45 silly install resolved        prepublish: 'bash scripts/installable.sh && node bin/npm-cli.js prune --prefix=. --no-global && rimraf test/*/*/node_modules && make -j4 doc',
45 silly install resolved        preversion: 'bash scripts/update-authors.sh && git add AUTHORS && git commit -m "update AUTHORS" || true',
45 silly install resolved        tap: 'tap --timeout 240',
45 silly install resolved        test: 'standard && npm run test-tap',
45 silly install resolved        'test-all': 'standard && npm run test-legacy && npm run test-tap',
45 silly install resolved        'test-legacy': 'node ./test/run.js',
45 silly install resolved        'test-tap': 'npm run tap -- "test/tap/*.js"' },
45 silly install resolved     license: 'Artistic-2.0',
45 silly install resolved     contributors:
45 silly install resolved      [ [Object],
45 silly install resolved        [Object],
45 silly install resolved        [Object],
45 silly install resolved        [Object],
45 silly install resolved        [Object],
45 silly install resolved        [Object],
45 silly install resolved        [Object],
45 silly install resolved        [Object],
45 silly install resolved        [Object],
45 silly install resolved        [Object],
45 silly install resolved        [Object],
45 silly install resolved        [Object],
45 silly install resolved        [Object],
45 silly install resolved        [Object],
45 silly install resolved        [Object],
45 silly install resolved        [Object],
45 silly install resolved        [Object],
45 silly install resolved        [Object],
45 silly install resolved        [Object],
45 silly install resolved        [Object],
45 silly install resolved        [Object],
45 silly install resolved        [Object],
45 silly install resolved        [Object],
45 silly install resolved        [Object],
45 silly install resolved        [Object],
45 silly install resolved        [Object],
45 silly install resolved        [Object],
45 silly install resolved        [Object],
45 silly install resolved        [Object],
45 silly install resolved        [Object],
45 silly install resolved        [Object],
45 silly install resolved        [Object],
45 silly install resolved        [Object],
45 silly install resolved        [Object],
45 silly install resolved        [Object],
45 silly install resolved        [Object],
45 silly install resolved        [Object],
45 silly install resolved        [Object],
45 silly install resolved        [Object],
45 silly install resolved        [Object],
45 silly install resolved        [Object],
45 silly install resolved        [Object],
45 silly install resolved        [Object],
45 silly install resolved        [Object],
45 silly install resolved        [Object],
45 silly install resolved        [Object],
45 silly install resolved        [Object],
45 silly install resolved        [Object],
45 silly install resolved        [Object],
45 silly install resolved        [Object],
45 silly install resolved        [Object],
45 silly install resolved        [Object],
45 silly install resolved        [Object],
45 silly install resolved        [Object],
45 silly install resolved        [Object],
45 silly install resolved        [Object],
45 silly install resolved        [Object],
45 silly install resolved        [Object],
45 silly install resolved        [Object],
45 silly install resolved        [Object],
45 silly install resolved        [Object],
45 silly install resolved        [Object],
45 silly install resolved        [Object],
45 silly install resolved        [Object],
45 silly install resolved        [Object],
45 silly install resolved        [Object],
45 silly install resolved        [Object],
45 silly install resolved        [Object],
45 silly install resolved        [Object],
45 silly install resolved        [Object],
45 silly install resolved        [Object],
45 silly install resolved        [Object],
45 silly install resolved        [Object],
45 silly install resolved        [Object],
45 silly install resolved        [Object],
45 silly install resolved        [Object],
45 silly install resolved        [Object],
45 silly install resolved        [Object],
45 silly install resolved        [Object],
45 silly install resolved        [Object],
45 silly install resolved        [Object],
45 silly install resolved        [Object],
45 silly install resolved        [Object],
45 silly install resolved        [Object],
45 silly install resolved        [Object],
45 silly install resolved        [Object],
45 silly install resolved        [Object],
45 silly install resolved        [Object],
45 silly install resolved        [Object],
45 silly install resolved        [Object],
45 silly install resolved        [Object],
45 silly install resolved        [Object],
45 silly install resolved        [Object],
45 silly install resolved        [Object],
45 silly install resolved        [Object],
45 silly install resolved        [Object],
45 silly install resolved        [Object],
45 silly install resolved        [Object],
45 silly install resolved        [Object],
45 silly install resolved        [Object],
45 silly install resolved        [Object],
45 silly install resolved        [Object],
45 silly install resolved        [Object],
45 silly install resolved        [Object],
45 silly install resolved        [Object],
45 silly install resolved        [Object],
45 silly install resolved        [Object],
45 silly install resolved        [Object],
45 silly install resolved        [Object],
45 silly install resolved        [Object],
45 silly install resolved        [Object],
45 silly install resolved        [Object],
45 silly install resolved        [Object],
45 silly install resolved        [Object],
45 silly install resolved        [Object],
45 silly install resolved        [Object],
45 silly install resolved        [Object],
45 silly install resolved        [Object],
45 silly install resolved        [Object],
45 silly install resolved        [Object],
45 silly install resolved        [Object],
45 silly install resolved        [Object],
45 silly install resolved        [Object],
45 silly install resolved        [Object],
45 silly install resolved        [Object],
45 silly install resolved        [Object],
45 silly install resolved        [Object],
45 silly install resolved        [Object],
45 silly install resolved        [Object],
45 silly install resolved        [Object],
45 silly install resolved        [Object],
45 silly install resolved        [Object],
45 silly install resolved        [Object],
45 silly install resolved        [Object],
45 silly install resolved        [Object],
45 silly install resolved        [Object],
45 silly install resolved        [Object],
45 silly install resolved        [Object],
45 silly install resolved        [Object],
45 silly install resolved        [Object],
45 silly install resolved        [Object],
45 silly install resolved        [Object],
45 silly install resolved        [Object],
45 silly install resolved        [Object],
45 silly install resolved        [Object],
45 silly install resolved        [Object],
45 silly install resolved        [Object],
45 silly install resolved        [Object],
45 silly install resolved        [Object],
45 silly install resolved        [Object],
45 silly install resolved        [Object],
45 silly install resolved        [Object],
45 silly install resolved        [Object],
45 silly install resolved        [Object],
45 silly install resolved        [Object],
45 silly install resolved        [Object],
45 silly install resolved        [Object],
45 silly install resolved        [Object],
45 silly install resolved        [Object],
45 silly install resolved        [Object],
45 silly install resolved        [Object],
45 silly install resolved        [Object],
45 silly install resolved        [Object],
45 silly install resolved        [Object],
45 silly install resolved        [Object],
45 silly install resolved        [Object],
45 silly install resolved        [Object],
45 silly install resolved        [Object],
45 silly install resolved        [Object],
45 silly install resolved        [Object],
45 silly install resolved        [Object],
45 silly install resolved        [Object],
45 silly install resolved        [Object],
45 silly install resolved        [Object],
45 silly install resolved        [Object],
45 silly install resolved        [Object],
45 silly install resolved        [Object],
45 silly install resolved        [Object],
45 silly install resolved        [Object],
45 silly install resolved        [Object],
45 silly install resolved        [Object],
45 silly install resolved        [Object],
45 silly install resolved        [Object],
45 silly install resolved        [Object],
45 silly install resolved        [Object],
45 silly install resolved        [Object],
45 silly install resolved        [Object],
45 silly install resolved        [Object],
45 silly install resolved        [Object],
45 silly install resolved        [Object],
45 silly install resolved        [Object],
45 silly install resolved        [Object],
45 silly install resolved        [Object],
45 silly install resolved        [Object],
45 silly install resolved        [Object],
45 silly install resolved        [Object],
45 silly install resolved        [Object],
45 silly install resolved        [Object],
45 silly install resolved        [Object],
45 silly install resolved        [Object],
45 silly install resolved        [Object],
45 silly install resolved        [Object],
45 silly install resolved        [Object],
45 silly install resolved        [Object],
45 silly install resolved        [Object],
45 silly install resolved        [Object],
45 silly install resolved        [Object],
45 silly install resolved        [Object],
45 silly install resolved        [Object],
45 silly install resolved        [Object],
45 silly install resolved        [Object],
45 silly install resolved        [Object],
45 silly install resolved        [Object],
45 silly install resolved        [Object],
45 silly install resolved        [Object],
45 silly install resolved        [Object],
45 silly install resolved        [Object],
45 silly install resolved        [Object],
45 silly install resolved        [Object],
45 silly install resolved        [Object],
45 silly install resolved        [Object],
45 silly install resolved        [Object],
45 silly install resolved        [Object],
45 silly install resolved        [Object],
45 silly install resolved        [Object],
45 silly install resolved        [Object],
45 silly install resolved        [Object],
45 silly install resolved        [Object],
45 silly install resolved        [Object],
45 silly install resolved        [Object],
45 silly install resolved        [Object],
45 silly install resolved        [Object],
45 silly install resolved        [Object],
45 silly install resolved        [Object],
45 silly install resolved        [Object],
45 silly install resolved        [Object],
45 silly install resolved        [Object],
45 silly install resolved        [Object],
45 silly install resolved        [Object],
45 silly install resolved        [Object],
45 silly install resolved        [Object],
45 silly install resolved        [Object],
45 silly install resolved        [Object],
45 silly install resolved        [Object],
45 silly install resolved        [Object],
45 silly install resolved        [Object],
45 silly install resolved        [Object],
45 silly install resolved        [Object],
45 silly install resolved        [Object],
45 silly install resolved        [Object],
45 silly install resolved        [Object],
45 silly install resolved        [Object],
45 silly install resolved        [Object],
45 silly install resolved        [Object],
45 silly install resolved        [Object],
45 silly install resolved        [Object],
45 silly install resolved        [Object],
45 silly install resolved        [Object],
45 silly install resolved        [Object],
45 silly install resolved        [Object],
45 silly install resolved        [Object],
45 silly install resolved        [Object],
45 silly install resolved        [Object],
45 silly install resolved        [Object],
45 silly install resolved        [Object],
45 silly install resolved        [Object],
45 silly install resolved        [Object],
45 silly install resolved        [Object],
45 silly install resolved        [Object],
45 silly install resolved        [Object],
45 silly install resolved        [Object],
45 silly install resolved        [Object],
45 silly install resolved        [Object],
45 silly install resolved        [Object],
45 silly install resolved        [Object],
45 silly install resolved        [Object],
45 silly install resolved        [Object],
45 silly install resolved        [Object],
45 silly install resolved        [Object],
45 silly install resolved        [Object],
45 silly install resolved        [Object],
45 silly install resolved        [Object],
45 silly install resolved        [Object],
45 silly install resolved        [Object],
45 silly install resolved        [Object],
45 silly install resolved        [Object],
45 silly install resolved        [Object],
45 silly install resolved        [Object],
45 silly install resolved        [Object],
45 silly install resolved        [Object],
45 silly install resolved        [Object],
45 silly install resolved        [Object],
45 silly install resolved        [Object],
45 silly install resolved        [Object],
45 silly install resolved        [Object],
45 silly install resolved        [Object],
45 silly install resolved        [Object],
45 silly install resolved        [Object],
45 silly install resolved        [Object],
45 silly install resolved        [Object],
45 silly install resolved        [Object],
45 silly install resolved        [Object],
45 silly install resolved        [Object],
45 silly install resolved        [Object],
45 silly install resolved        [Object],
45 silly install resolved        [Object],
45 silly install resolved        [Object],
45 silly install resolved        [Object],
45 silly install resolved        [Object],
45 silly install resolved        [Object],
45 silly install resolved        [Object],
45 silly install resolved        [Object],
45 silly install resolved        [Object],
45 silly install resolved        [Object] ],
45 silly install resolved     man:
45 silly install resolved      [ '/Users/rebecca/code/release/npm-3/man/man1/npm-access.1',
45 silly install resolved        '/Users/rebecca/code/release/npm-3/man/man1/npm-adduser.1',
45 silly install resolved        '/Users/rebecca/code/release/npm-3/man/man1/npm-bin.1',
45 silly install resolved        '/Users/rebecca/code/release/npm-3/man/man1/npm-bugs.1',
45 silly install resolved        '/Users/rebecca/code/release/npm-3/man/man1/npm-build.1',
45 silly install resolved        '/Users/rebecca/code/release/npm-3/man/man1/npm-bundle.1',
45 silly install resolved        '/Users/rebecca/code/release/npm-3/man/man1/npm-cache.1',
45 silly install resolved        '/Users/rebecca/code/release/npm-3/man/man1/npm-completion.1',
45 silly install resolved        '/Users/rebecca/code/release/npm-3/man/man1/npm-config.1',
45 silly install resolved        '/Users/rebecca/code/release/npm-3/man/man1/npm-dedupe.1',
45 silly install resolved        '/Users/rebecca/code/release/npm-3/man/man1/npm-deprecate.1',
45 silly install resolved        '/Users/rebecca/code/release/npm-3/man/man1/npm-dist-tag.1',
45 silly install resolved        '/Users/rebecca/code/release/npm-3/man/man1/npm-docs.1',
45 silly install resolved        '/Users/rebecca/code/release/npm-3/man/man1/npm-edit.1',
45 silly install resolved        '/Users/rebecca/code/release/npm-3/man/man1/npm-explore.1',
45 silly install resolved        '/Users/rebecca/code/release/npm-3/man/man1/npm-help-search.1',
45 silly install resolved        '/Users/rebecca/code/release/npm-3/man/man1/npm-help.1',
45 silly install resolved        '/Users/rebecca/code/release/npm-3/man/man1/npm-init.1',
45 silly install resolved        '/Users/rebecca/code/release/npm-3/man/man1/npm-install.1',
45 silly install resolved        '/Users/rebecca/code/release/npm-3/man/man1/npm-link.1',
45 silly install resolved        '/Users/rebecca/code/release/npm-3/man/man1/npm-logout.1',
45 silly install resolved        '/Users/rebecca/code/release/npm-3/man/man1/npm-ls.1',
45 silly install resolved        '/Users/rebecca/code/release/npm-3/man/man1/npm-outdated.1',
45 silly install resolved        '/Users/rebecca/code/release/npm-3/man/man1/npm-owner.1',
45 silly install resolved        '/Users/rebecca/code/release/npm-3/man/man1/npm-pack.1',
45 silly install resolved        '/Users/rebecca/code/release/npm-3/man/man1/npm-ping.1',
45 silly install resolved        '/Users/rebecca/code/release/npm-3/man/man1/npm-prefix.1',
45 silly install resolved        '/Users/rebecca/code/release/npm-3/man/man1/npm-prune.1',
45 silly install resolved        '/Users/rebecca/code/release/npm-3/man/man1/npm-publish.1',
45 silly install resolved        '/Users/rebecca/code/release/npm-3/man/man1/npm-README.1',
45 silly install resolved        '/Users/rebecca/code/release/npm-3/man/man1/npm-rebuild.1',
45 silly install resolved        '/Users/rebecca/code/release/npm-3/man/man1/npm-repo.1',
45 silly install resolved        '/Users/rebecca/code/release/npm-3/man/man1/npm-restart.1',
45 silly install resolved        '/Users/rebecca/code/release/npm-3/man/man1/npm-root.1',
45 silly install resolved        '/Users/rebecca/code/release/npm-3/man/man1/npm-run-script.1',
45 silly install resolved        '/Users/rebecca/code/release/npm-3/man/man1/npm-search.1',
45 silly install resolved        '/Users/rebecca/code/release/npm-3/man/man1/npm-shrinkwrap.1',
45 silly install resolved        '/Users/rebecca/code/release/npm-3/man/man1/npm-star.1',
45 silly install resolved        '/Users/rebecca/code/release/npm-3/man/man1/npm-stars.1',
45 silly install resolved        '/Users/rebecca/code/release/npm-3/man/man1/npm-start.1',
45 silly install resolved        '/Users/rebecca/code/release/npm-3/man/man1/npm-stop.1',
45 silly install resolved        '/Users/rebecca/code/release/npm-3/man/man1/npm-tag.1',
45 silly install resolved        '/Users/rebecca/code/release/npm-3/man/man1/npm-team.1',
45 silly install resolved        '/Users/rebecca/code/release/npm-3/man/man1/npm-test.1',
45 silly install resolved        '/Users/rebecca/code/release/npm-3/man/man1/npm-uninstall.1',
45 silly install resolved        '/Users/rebecca/code/release/npm-3/man/man1/npm-unpublish.1',
45 silly install resolved        '/Users/rebecca/code/release/npm-3/man/man1/npm-update.1',
45 silly install resolved        '/Users/rebecca/code/release/npm-3/man/man1/npm-version.1',
45 silly install resolved        '/Users/rebecca/code/release/npm-3/man/man1/npm-view.1',
45 silly install resolved        '/Users/rebecca/code/release/npm-3/man/man1/npm-whoami.1',
45 silly install resolved        '/Users/rebecca/code/release/npm-3/man/man1/npm.1',
45 silly install resolved        '/Users/rebecca/code/release/npm-3/man/man3/npm-bin.3',
45 silly install resolved        '/Users/rebecca/code/release/npm-3/man/man3/npm-bugs.3',
45 silly install resolved        '/Users/rebecca/code/release/npm-3/man/man3/npm-cache.3',
45 silly install resolved        '/Users/rebecca/code/release/npm-3/man/man3/npm-commands.3',
45 silly install resolved        '/Users/rebecca/code/release/npm-3/man/man3/npm-config.3',
45 silly install resolved        '/Users/rebecca/code/release/npm-3/man/man3/npm-deprecate.3',
45 silly install resolved        '/Users/rebecca/code/release/npm-3/man/man3/npm-docs.3',
45 silly install resolved        '/Users/rebecca/code/release/npm-3/man/man3/npm-edit.3',
45 silly install resolved        '/Users/rebecca/code/release/npm-3/man/man3/npm-explore.3',
45 silly install resolved        '/Users/rebecca/code/release/npm-3/man/man3/npm-help-search.3',
45 silly install resolved        '/Users/rebecca/code/release/npm-3/man/man3/npm-init.3',
45 silly install resolved        '/Users/rebecca/code/release/npm-3/man/man3/npm-install.3',
45 silly install resolved        '/Users/rebecca/code/release/npm-3/man/man3/npm-link.3',
45 silly install resolved        '/Users/rebecca/code/release/npm-3/man/man3/npm-load.3',
45 silly install resolved        '/Users/rebecca/code/release/npm-3/man/man3/npm-ls.3',
45 silly install resolved        '/Users/rebecca/code/release/npm-3/man/man3/npm-outdated.3',
45 silly install resolved        '/Users/rebecca/code/release/npm-3/man/man3/npm-owner.3',
45 silly install resolved        '/Users/rebecca/code/release/npm-3/man/man3/npm-pack.3',
45 silly install resolved        '/Users/rebecca/code/release/npm-3/man/man3/npm-ping.3',
45 silly install resolved        '/Users/rebecca/code/release/npm-3/man/man3/npm-prefix.3',
45 silly install resolved        '/Users/rebecca/code/release/npm-3/man/man3/npm-prune.3',
45 silly install resolved        '/Users/rebecca/code/release/npm-3/man/man3/npm-publish.3',
45 silly install resolved        '/Users/rebecca/code/release/npm-3/man/man3/npm-rebuild.3',
45 silly install resolved        '/Users/rebecca/code/release/npm-3/man/man3/npm-repo.3',
45 silly install resolved        '/Users/rebecca/code/release/npm-3/man/man3/npm-restart.3',
45 silly install resolved        '/Users/rebecca/code/release/npm-3/man/man3/npm-root.3',
45 silly install resolved        '/Users/rebecca/code/release/npm-3/man/man3/npm-run-script.3',
45 silly install resolved        '/Users/rebecca/code/release/npm-3/man/man3/npm-search.3',
45 silly install resolved        '/Users/rebecca/code/release/npm-3/man/man3/npm-shrinkwrap.3',
45 silly install resolved        '/Users/rebecca/code/release/npm-3/man/man3/npm-start.3',
45 silly install resolved        '/Users/rebecca/code/release/npm-3/man/man3/npm-stop.3',
45 silly install resolved        '/Users/rebecca/code/release/npm-3/man/man3/npm-tag.3',
45 silly install resolved        '/Users/rebecca/code/release/npm-3/man/man3/npm-test.3',
45 silly install resolved        '/Users/rebecca/code/release/npm-3/man/man3/npm-uninstall.3',
45 silly install resolved        '/Users/rebecca/code/release/npm-3/man/man3/npm-unpublish.3',
45 silly install resolved        '/Users/rebecca/code/release/npm-3/man/man3/npm-update.3',
45 silly install resolved        '/Users/rebecca/code/release/npm-3/man/man3/npm-version.3',
45 silly install resolved        '/Users/rebecca/code/release/npm-3/man/man3/npm-view.3',
45 silly install resolved        '/Users/rebecca/code/release/npm-3/man/man3/npm-whoami.3',
45 silly install resolved        '/Users/rebecca/code/release/npm-3/man/man3/npm.3',
45 silly install resolved        '/Users/rebecca/code/release/npm-3/man/man5/npm-folders.5',
45 silly install resolved        '/Users/rebecca/code/release/npm-3/man/man5/npm-global.5',
45 silly install resolved        '/Users/rebecca/code/release/npm-3/man/man5/npm-json.5',
45 silly install resolved        '/Users/rebecca/code/release/npm-3/man/man5/npmrc.5',
45 silly install resolved        '/Users/rebecca/code/release/npm-3/man/man5/package.json.5',
45 silly install resolved        '/Users/rebecca/code/release/npm-3/man/man7/npm-coding-style.7',
45 silly install resolved        '/Users/rebecca/code/release/npm-3/man/man7/npm-config.7',
45 silly install resolved        '/Users/rebecca/code/release/npm-3/man/man7/npm-developers.7',
45 silly install resolved        '/Users/rebecca/code/release/npm-3/man/man7/npm-disputes.7',
45 silly install resolved        '/Users/rebecca/code/release/npm-3/man/man7/npm-faq.7',
45 silly install resolved        '/Users/rebecca/code/release/npm-3/man/man7/npm-index.7',
45 silly install resolved        '/Users/rebecca/code/release/npm-3/man/man7/npm-registry.7',
45 silly install resolved        '/Users/rebecca/code/release/npm-3/man/man7/npm-scope.7',
45 silly install resolved        '/Users/rebecca/code/release/npm-3/man/man7/npm-scripts.7',
45 silly install resolved        '/Users/rebecca/code/release/npm-3/man/man7/removing-npm.7',
45 silly install resolved        '/Users/rebecca/code/release/npm-3/man/man7/semver.7' ],
45 silly install resolved     gitHead: '5653606a12616dbe39d456be7238f00fe51f8816',
45 silly install resolved     _id: 'npm@3.3.5',
45 silly install resolved     _shasum: '2b8f34b88ea8109e6ba434afe764c7631735e18e',
45 silly install resolved     _from: 'npm@*',
45 silly install resolved     _npmVersion: '3.3.5',
45 silly install resolved     _nodeVersion: '4.1.0',
45 silly install resolved     _npmUser: { name: 'iarna', email: 'me@re-becca.org' },
45 silly install resolved     dist:
45 silly install resolved      { shasum: '2b8f34b88ea8109e6ba434afe764c7631735e18e',
45 silly install resolved        tarball: 'http://registry.npmjs.org/npm/-/npm-3.3.5.tgz' },
45 silly install resolved     maintainers: [ [Object], [Object], [Object], [Object] ],
45 silly install resolved     _resolved: 'https://registry.npmjs.org/npm/-/npm-3.3.5.tgz' } ]
46 info install npm@3.3.5 into /Users/henryehly/.npm-packages/lib
47 info installOne npm@3.3.5
48 verbose installOne of npm to /Users/henryehly/.npm-packages/lib not in flight; installing
49 warn locking Error: EACCES: permission denied, open '/Users/henryehly/.npm/_locks/npm-658a7a5c73459f8f.lock'
49 warn locking     at Error (native)
49 warn locking  /Users/henryehly/.npm/_locks/npm-658a7a5c73459f8f.lock failed { [Error: EACCES: permission denied, open '/Users/henryehly/.npm/_locks/npm-658a7a5c73459f8f.lock']
49 warn locking   errno: -13,
49 warn locking   code: 'EACCES',
49 warn locking   syscall: 'open',
49 warn locking   path: '/Users/henryehly/.npm/_locks/npm-658a7a5c73459f8f.lock' }
50 verbose stack Error: Attempt to unlock /Users/henryehly/.npm-packages/lib/node_modules/npm, which hasn't been locked
50 verbose stack     at unlock (/usr/local/lib/node_modules/npm/lib/utils/locker.js:66:11)
50 verbose stack     at cb (/usr/local/lib/node_modules/npm/lib/install.js:1017:5)
50 verbose stack     at /usr/local/lib/node_modules/npm/lib/install.js:1021:20
50 verbose stack     at /usr/local/lib/node_modules/npm/lib/utils/locker.js:40:9
50 verbose stack     at cb (/usr/local/lib/node_modules/npm/node_modules/lockfile/lockfile.js:149:38)
50 verbose stack     at /usr/local/lib/node_modules/npm/node_modules/lockfile/lockfile.js:177:38
50 verbose stack     at FSReqWrap.oncomplete (fs.js:82:15)
51 verbose cwd /Users/henryehly/Sites/rails/getNativePrototype/angular
52 error Darwin 15.0.0
53 error argv "/usr/local/Cellar/node/4.1.1/bin/node" "/usr/local/bin/npm" "install" "-g" "npm"
54 error node v4.1.1
55 error npm  v2.11.2
56 error Attempt to unlock /Users/henryehly/.npm-packages/lib/node_modules/npm, which hasn't been locked
57 error If you need help, you may report this error at:
57 error     <https://github.com/npm/npm/issues>
58 verbose exit [ 1, true ]
